<?xml version="1.0" encoding="utf-8"?><testsuites name="pytest tests"><testsuite name="pytest" errors="0" failures="0" skipped="0" tests="22" time="5.931" timestamp="2026-03-20T09:30:12.667698+00:00" hostname="agent-env-9209abb8-7914-41a7-92dc-21e76bf23b2e"><testcase classname="backend.tests.test_fremax_api.TestAPIHealth" name="test_api_root" time="0.125" /><testcase classname="backend.tests.test_fremax_api.TestAPIHealth" name="test_product_lines_endpoint" time="0.113" /><testcase classname="backend.tests.test_fremax_api.TestAPIHealth" name="test_statuses_endpoint" time="0.095" /><testcase classname="backend.tests.test_fremax_api.TestAdminAuth" name="test_admin_login_success" time="0.323" /><testcase classname="backend.tests.test_fremax_api.TestAdminAuth" name="test_admin_login_invalid_credentials" time="0.107" /><testcase classname="backend.tests.test_fremax_api.TestAdminAuth" name="test_admin_login_new_credentials_work" time="0.318" /><testcase classname="backend.tests.test_fremax_api.TestAdminAuth" name="test_admin_setup_removed" time="0.095" /><testcase classname="backend.tests.test_fremax_api.TestChangePassword" name="test_change_password_wrong_current" time="0.642" /><testcase classname="backend.tests.test_fremax_api.TestChangePassword" name="test_change_password_short_new" time="0.657" /><testcase classname="backend.tests.test_fremax_api.TestCascadingDropdowns" name="test_makes_endpoint" time="0.104" /><testcase classname="backend.tests.test_fremax_api.TestCascadingDropdowns" name="test_vehicles_endpoint" time="0.103" /><testcase classname="backend.tests.test_fremax_api.TestCascadingDropdowns" name="test_models_endpoint" time="0.102" /><testcase classname="backend.tests.test_fremax_api.TestCascadingDropdowns" name="test_vehicle_types_endpoint" time="0.103" /><testcase classname="backend.tests.test_fremax_api.TestSearchEndpoints" name="test_search_by_make" time="0.098" /><testcase classname="backend.tests.test_fremax_api.TestSearchEndpoints" name="test_search_by_vehicle" time="0.110" /><testcase classname="backend.tests.test_fremax_api.TestSearchEndpoints" name="test_search_by_year" time="0.104" /><testcase classname="backend.tests.test_fremax_api.TestSearchEndpoints" name="test_search_by_vehicle_type" time="0.099" /><testcase classname="backend.tests.test_fremax_api.TestProductCRUD" name="test_create_product_new_fields" time="0.426" /><testcase classname="backend.tests.test_fremax_api.TestProductCRUD" name="test_create_product_optional_end_year" time="0.422" /><testcase classname="backend.tests.test_fremax_api.TestProductCRUD" name="test_get_product_by_id" time="0.527" /><testcase classname="backend.tests.test_fremax_api.TestProductCRUD" name="test_admin_get_products" time="0.450" /><testcase classname="backend.tests.test_fremax_api.TestCleanup" name="test_cleanup_test_products" time="0.724" /></testsuite></testsuites>