<?xml version="1.0" encoding="utf-8"?><testsuites name="pytest tests"><testsuite name="pytest" errors="0" failures="0" skipped="0" tests="10" time="6.665" timestamp="2026-03-09T13:30:51.580201+00:00" hostname="agent-env-9209abb8-7914-41a7-92dc-21e76bf23b2e"><testcase classname="backend.tests.test_admin_auth_password.TestAdminSetupRemoved" name="test_admin_setup_returns_404" time="0.286" /><testcase classname="backend.tests.test_admin_auth_password.TestAdminLogin" name="test_login_success" time="0.325" /><testcase classname="backend.tests.test_admin_auth_password.TestAdminLogin" name="test_login_invalid_credentials" time="0.348" /><testcase classname="backend.tests.test_admin_auth_password.TestAdminLogin" name="test_login_missing_fields" time="0.101" /><testcase classname="backend.tests.test_admin_auth_password.TestAdminChangePassword" name="test_change_password_wrong_current" time="0.722" /><testcase classname="backend.tests.test_admin_auth_password.TestAdminChangePassword" name="test_change_password_too_short" time="0.688" /><testcase classname="backend.tests.test_admin_auth_password.TestAdminChangePassword" name="test_change_password_without_auth" time="0.156" /><testcase classname="backend.tests.test_admin_auth_password.TestAdminChangePassword" name="test_change_password_success_and_revert" time="2.946" /><testcase classname="backend.tests.test_admin_auth_password.TestAdminEndpoints" name="test_admin_stats" time="0.438" /><testcase classname="backend.tests.test_admin_auth_password.TestAdminEndpoints" name="test_admin_products_list" time="0.481" /></testsuite></testsuites>